

================================================================
== Vitis HLS Report for 'dut'
================================================================
* Date:           Sun Nov 13 10:14:01 2022

* Version:        2022.1 (Build 3526262 on Mon Apr 18 15:47:01 MDT 2022)
* Project:        dut
* Solution:       solution (Vitis Kernel Flow Target)
* Product family: virtexuplus
* Target device:  xcu50-fsvh2104-2-e


================================================================
== Performance Estimates
================================================================
+ Timing: 
    * Summary: 
    +--------+---------+----------+------------+
    |  Clock |  Target | Estimated| Uncertainty|
    +--------+---------+----------+------------+
    |ap_clk  |  3.33 ns|  2.433 ns|     0.90 ns|
    +--------+---------+----------+------------+

+ Latency: 
    * Summary: 
    +---------+------------+----------+-----------+--------+------------+---------+
    |   Latency (cycles)   |  Latency (absolute)  |       Interval      | Pipeline|
    |   min   |     max    |    min   |    max    |   min  |     max    |   Type  |
    +---------+------------+----------+-----------+--------+------------+---------+
    |   508239|  1636372031|  1.694 ms|  5.454 sec|  508240|  1636372032|       no|
    +---------+------------+----------+-----------+--------+------------+---------+

    + Detail: 
        * Instance: 
        +-----------------------------------------------------+------------------------------------------+---------+---------+-----------+-----------+--------+--------+---------+
        |                                                     |                                          |  Latency (cycles) |   Latency (absolute)  |     Interval    | Pipeline|
        |                       Instance                      |                  Module                  |   min   |   max   |    min    |    max    |   min  |   max  |   Type  |
        +-----------------------------------------------------+------------------------------------------+---------+---------+-----------+-----------+--------+--------+---------+
        |grp_dut_Pipeline_Store_vertice_loop_fu_259           |dut_Pipeline_Store_vertice_loop           |     3538|     3538|  11.792 us|  11.792 us|    3538|    3538|       no|
        |grp_dut_Pipeline_Store_edge_loop_fu_272              |dut_Pipeline_Store_edge_loop              |    41597|    41597|   0.139 ms|   0.139 ms|   41597|   41597|       no|
        |grp_dut_Pipeline_Clear_loop_fu_282                   |dut_Pipeline_Clear_loop                   |     3536|     3536|  11.785 us|  11.785 us|    3536|    3536|       no|
        |grp_dut_Pipeline_Queue_loop_Edge_loop_fu_303         |dut_Pipeline_Queue_loop_Edge_loop         |   268609|   268609|   0.895 ms|   0.895 ms|  268609|  268609|       no|
        |grp_dut_Pipeline_Dequeue_loop_Computing_loop_fu_345  |dut_Pipeline_Dequeue_loop_Computing_loop  |   190872|   190872|   0.636 ms|   0.636 ms|  190872|  190872|       no|
        |grp_dut_Pipeline_Output_loop_fu_371                  |dut_Pipeline_Output_loop                  |     3537|     3537|  11.789 us|  11.789 us|    3537|    3537|       no|
        +-----------------------------------------------------+------------------------------------------+---------+---------+-----------+-----------+--------+--------+---------+

        * Loop: 
        +-------------+---------+------------+----------+-----------+-----------+----------+----------+
        |             |   Latency (cycles)   | Iteration|  Initiation Interval  |   Trip   |          |
        |  Loop Name  |   min   |     max    |  Latency |  achieved |   target  |   Count  | Pipelined|
        +-------------+---------+------------+----------+-----------+-----------+----------+----------+
        |- Main_loop  |   463024|  1636326816|    463024|          -|          -|  1 ~ 3534|        no|
        +-------------+---------+------------+----------+-----------+-----------+----------+----------+



================================================================
== Utilization Estimates
================================================================
* Summary: 
+---------------------+---------+------+---------+--------+-----+
|         Name        | BRAM_18K|  DSP |    FF   |   LUT  | URAM|
+---------------------+---------+------+---------+--------+-----+
|DSP                  |        -|     -|        -|       -|    -|
|Expression           |        -|     -|        0|     215|    -|
|FIFO                 |        -|     -|        -|       -|    -|
|Instance             |        0|     7|     6044|    7746|    0|
|Memory               |       35|     -|        0|       0|    3|
|Multiplexer          |        -|     -|        -|    1432|    -|
|Register             |        -|     -|      532|       -|    -|
+---------------------+---------+------+---------+--------+-----+
|Total                |       35|     7|     6576|    9393|    3|
+---------------------+---------+------+---------+--------+-----+
|Available SLR        |     1344|  2976|   871680|  435840|  320|
+---------------------+---------+------+---------+--------+-----+
|Utilization SLR (%)  |        2|    ~0|       ~0|       2|   ~0|
+---------------------+---------+------+---------+--------+-----+
|Available            |     2688|  5952|  1743360|  871680|  640|
+---------------------+---------+------+---------+--------+-----+
|Utilization (%)      |        1|    ~0|       ~0|       1|   ~0|
+---------------------+---------+------+---------+--------+-----+

+ Detail: 
    * Instance: 
    +-----------------------------------------------------+------------------------------------------+---------+----+------+------+-----+
    |                       Instance                      |                  Module                  | BRAM_18K| DSP|  FF  |  LUT | URAM|
    +-----------------------------------------------------+------------------------------------------+---------+----+------+------+-----+
    |control_s_axi_U                                      |control_s_axi                             |        0|   0|   602|  1064|    0|
    |grp_dut_Pipeline_Clear_loop_fu_282                   |dut_Pipeline_Clear_loop                   |        0|   0|    14|   206|    0|
    |grp_dut_Pipeline_Dequeue_loop_Computing_loop_fu_345  |dut_Pipeline_Dequeue_loop_Computing_loop  |        0|   5|  1581|  1126|    0|
    |grp_dut_Pipeline_Output_loop_fu_371                  |dut_Pipeline_Output_loop                  |        0|   0|    52|   102|    0|
    |grp_dut_Pipeline_Queue_loop_Edge_loop_fu_303         |dut_Pipeline_Queue_loop_Edge_loop         |        0|   0|  1118|  1478|    0|
    |grp_dut_Pipeline_Store_edge_loop_fu_272              |dut_Pipeline_Store_edge_loop              |        0|   0|    72|   109|    0|
    |grp_dut_Pipeline_Store_vertice_loop_fu_259           |dut_Pipeline_Store_vertice_loop           |        0|   0|    61|   124|    0|
    |fadd_32ns_32ns_32_7_full_dsp_1_U58                   |fadd_32ns_32ns_32_7_full_dsp_1            |        0|   2|   318|   198|    0|
    |gmem0_m_axi_U                                        |gmem0_m_axi                               |        0|   0|   742|  1113|    0|
    |gmem1_m_axi_U                                        |gmem1_m_axi                               |        0|   0|   742|  1113|    0|
    |gmem3_m_axi_U                                        |gmem3_m_axi                               |        0|   0|   742|  1113|    0|
    |sitofp_32ns_32_5_no_dsp_1_U59                        |sitofp_32ns_32_5_no_dsp_1                 |        0|   0|     0|     0|    0|
    +-----------------------------------------------------+------------------------------------------+---------+----+------+------+-----+
    |Total                                                |                                          |        0|   7|  6044|  7746|    0|
    +-----------------------------------------------------+------------------------------------------+---------+----+------+------+-----+

    * DSP: 
    N/A

    * Memory: 
    +-----------------+-----------------------------+---------+---+----+-----+-------+-----+------+-------------+
    |      Memory     |            Module           | BRAM_18K| FF| LUT| URAM| Words | Bits| Banks| W*Bits*Banks|
    +-----------------+-----------------------------+---------+---+----+-----+-------+-----+------+-------------+
    |btwn_buf_U       |btwn_buf_RAM_AUTO_1R1W       |        0|  0|   0|    1|   3534|   32|     1|       113088|
    |column_buf_U     |column_buf_RAM_AUTO_1R1W     |        8|  0|   0|    0|  41594|   16|     1|       665504|
    |offset_buf_U     |offset_buf_RAM_AUTO_1R1W     |        4|  0|   0|    0|   3534|   16|     1|        56544|
    |dist_array_U     |offset_buf_RAM_AUTO_1R1W     |        4|  0|   0|    0|   3534|   16|     1|        56544|
    |s_array_U        |offset_buf_RAM_AUTO_1R1W     |        4|  0|   0|    0|   3534|   16|     1|        56544|
    |p_array_U        |p_array_RAM_AUTO_1R1W        |        8|  0|   0|    0|  70680|   16|     1|      1130880|
    |p_index_array_U  |p_index_array_RAM_AUTO_1R1W  |        2|  0|   0|    0|   3534|    8|     1|        28272|
    |q_array_U        |q_array_RAM_AUTO_1R1W        |        4|  0|   0|    0|   3534|   16|     1|        56544|
    |sigma_array_U    |sigma_array_RAM_AUTO_1R1W    |        0|  0|   0|    1|   3534|   32|     1|       113088|
    |delta_array_U    |sigma_array_RAM_AUTO_1R1W    |        0|  0|   0|    1|   3534|   32|     1|       113088|
    |travel_U         |travel_RAM_AUTO_1R1W         |        1|  0|   0|    0|   3534|    1|     1|         3534|
    +-----------------+-----------------------------+---------+---+----+-----+-------+-----+------+-------------+
    |Total            |                             |       35|  0|   0|    3| 144080|  201|    11|      2393630|
    +-----------------+-----------------------------+---------+---+----+-----+-------+-----+------+-------------+

    * FIFO: 
    N/A

    * Expression: 
    +----------------------------------+----------+----+---+----+------------+------------+
    |           Variable Name          | Operation| DSP| FF| LUT| Bitwidth P0| Bitwidth P1|
    +----------------------------------+----------+----+---+----+------------+------------+
    |add_fu_394_p2                     |         +|   0|  0|  39|          32|           1|
    |add_ln145_fu_399_p2               |         +|   0|  0|  19|          12|           1|
    |i_3_fu_489_p2                     |         +|   0|  0|  19|          12|           1|
    |icmp_ln145_fu_404_p2              |      icmp|   0|  0|  20|          32|          12|
    |icmp_ln154_fu_428_p2              |      icmp|   0|  0|  20|          32|          16|
    |icmp_ln162_fu_483_p2              |      icmp|   0|  0|  12|          12|          11|
    |icmp_ln165_fu_499_p2              |      icmp|   0|  0|  20|          32|          32|
    |icmp_ln300_fu_515_p2              |      icmp|   0|  0|  20|          32|          12|
    |ap_block_state1                   |        or|   0|  0|   2|           1|           1|
    |ap_block_state3_io                |        or|   0|  0|   2|           1|           1|
    |ap_block_state42_on_subcall_done  |        or|   0|  0|   2|           1|           1|
    |select_ln145_fu_420_p3            |    select|   0|  0|  12|           1|          12|
    |select_ln154_fu_444_p3            |    select|   0|  0|  16|           1|          16|
    |select_ln300_fu_529_p3            |    select|   0|  0|  12|           1|          12|
    +----------------------------------+----------+----+---+----+------------+------------+
    |Total                             |          |   0|  0| 215|         202|         129|
    +----------------------------------+----------+----+---+----+------------+------------+

    * Multiplexer: 
    +------------------------+-----+-----------+-----+-----------+
    |          Name          | LUT | Input Size| Bits| Total Bits|
    +------------------------+-----+-----------+-----+-----------+
    |ap_NS_fsm               |  435|         89|    1|         89|
    |ap_done                 |    9|          2|    1|          2|
    |btwn_buf_address0       |   20|          4|   12|         48|
    |btwn_buf_ce0            |   20|          4|    1|          4|
    |btwn_buf_d0             |   14|          3|   32|         96|
    |btwn_buf_we0            |   14|          3|    1|          3|
    |column_buf_address0     |   14|          3|   16|         48|
    |column_buf_ce0          |   14|          3|    1|          3|
    |column_buf_we0          |    9|          2|    1|          2|
    |delta_array_address0    |   14|          3|   12|         36|
    |delta_array_ce0         |   14|          3|    1|          3|
    |delta_array_ce1         |    9|          2|    1|          2|
    |delta_array_d0          |   14|          3|   32|         96|
    |delta_array_we0         |   14|          3|    1|          3|
    |dist_array_address0     |   14|          3|   12|         36|
    |dist_array_ce0          |   14|          3|    1|          3|
    |dist_array_ce1          |    9|          2|    1|          2|
    |dist_array_d0           |   14|          3|   16|         48|
    |dist_array_we0          |   14|          3|    1|          3|
    |gmem0_ARADDR            |   14|          3|   64|        192|
    |gmem0_ARLEN             |   14|          3|   32|         96|
    |gmem0_ARVALID           |   14|          3|    1|          3|
    |gmem0_RREADY            |    9|          2|    1|          2|
    |gmem0_blk_n_AR          |    9|          2|    1|          2|
    |gmem1_ARADDR            |   14|          3|   64|        192|
    |gmem1_ARLEN             |   14|          3|   32|         96|
    |gmem1_ARVALID           |   14|          3|    1|          3|
    |gmem1_RREADY            |    9|          2|    1|          2|
    |gmem1_blk_n_AR          |    9|          2|    1|          2|
    |gmem3_AWADDR            |   14|          3|   64|        192|
    |gmem3_AWLEN             |   14|          3|   32|         96|
    |gmem3_AWVALID           |   14|          3|    1|          3|
    |gmem3_BREADY            |   14|          3|    1|          3|
    |gmem3_WVALID            |    9|          2|    1|          2|
    |gmem3_blk_n_AW          |    9|          2|    1|          2|
    |gmem3_blk_n_B           |    9|          2|    1|          2|
    |grp_fu_667_ce           |   14|          3|    1|          3|
    |grp_fu_667_p0           |   14|          3|   32|         96|
    |grp_fu_667_p1           |   14|          3|   32|         96|
    |grp_fu_671_ce           |   14|          3|    1|          3|
    |grp_fu_671_p0           |   14|          3|   32|         96|
    |i_2_fu_206              |    9|          2|   12|         24|
    |offset_buf_address0     |   14|          3|   12|         36|
    |offset_buf_ce0          |   14|          3|    1|          3|
    |offset_buf_ce1          |    9|          2|    1|          2|
    |offset_buf_we0          |    9|          2|    1|          2|
    |p_array_address0        |   14|          3|   17|         51|
    |p_array_ce0             |   14|          3|    1|          3|
    |p_array_we0             |    9|          2|    1|          2|
    |p_index_array_address0  |   20|          4|   12|         48|
    |p_index_array_ce0       |   20|          4|    1|          4|
    |p_index_array_ce1       |    9|          2|    1|          2|
    |p_index_array_d0        |   14|          3|    8|         24|
    |p_index_array_we0       |   14|          3|    1|          3|
    |q_array_address0        |   14|          3|   12|         36|
    |q_array_ce0             |   14|          3|    1|          3|
    |q_array_ce1             |    9|          2|    1|          2|
    |q_array_d0              |   14|          3|   16|         48|
    |q_array_we0             |   14|          3|    1|          3|
    |q_index                 |    9|          2|   16|         32|
    |s_array_address0        |   20|          4|   12|         48|
    |s_array_ce0             |   20|          4|    1|          4|
    |s_array_ce1             |    9|          2|    1|          2|
    |s_array_d0              |   14|          3|   16|         48|
    |s_array_we0             |   14|          3|    1|          3|
    |sigma_array_address0    |   20|          4|   12|         48|
    |sigma_array_ce0         |   20|          4|    1|          4|
    |sigma_array_ce1         |    9|          2|    1|          2|
    |sigma_array_d0          |   14|          3|   32|         96|
    |sigma_array_we0         |   14|          3|    1|          3|
    |sigma_tmp               |    9|          2|   32|         64|
    |travel_address0         |   14|          3|   12|         36|
    |travel_ce0              |   14|          3|    1|          3|
    |travel_d0               |   14|          3|    1|          3|
    |travel_we0              |   14|          3|    1|          3|
    |v                       |    9|          2|   16|         32|
    |w                       |    9|          2|   12|         24|
    +------------------------+-----+-----------+-----+-----------+
    |Total                   | 1432|        302|  810|       2462|
    +------------------------+-----+-----------+-----+-----------+

    * Register: 
    +------------------------------------------------------------------+----+----+-----+-----------+
    |                               Name                               | FF | LUT| Bits| Const Bits|
    +------------------------------------------------------------------+----+----+-----+-----------+
    |add_reg_587                                                       |  32|   0|   32|          0|
    |ap_CS_fsm                                                         |  88|   0|   88|          0|
    |ap_done_reg                                                       |   1|   0|    1|          0|
    |ap_rst_n_inv                                                      |   1|   0|    1|          0|
    |ap_rst_reg_1                                                      |   1|   0|    1|          0|
    |ap_rst_reg_2                                                      |   1|   0|    1|          0|
    |btwn_read_reg_577                                                 |  64|   0|   64|          0|
    |grp_dut_Pipeline_Clear_loop_fu_282_ap_start_reg                   |   1|   0|    1|          0|
    |grp_dut_Pipeline_Dequeue_loop_Computing_loop_fu_345_ap_start_reg  |   1|   0|    1|          0|
    |grp_dut_Pipeline_Output_loop_fu_371_ap_start_reg                  |   1|   0|    1|          0|
    |grp_dut_Pipeline_Queue_loop_Edge_loop_fu_303_ap_start_reg         |   1|   0|    1|          0|
    |grp_dut_Pipeline_Store_edge_loop_fu_272_ap_start_reg              |   1|   0|    1|          0|
    |grp_dut_Pipeline_Store_vertice_loop_fu_259_ap_start_reg           |   1|   0|    1|          0|
    |i_2_fu_206                                                        |  12|   0|   12|          0|
    |i_reg_634                                                         |  12|   0|   12|          0|
    |q_index                                                           |  16|   0|   16|          0|
    |select_ln145_reg_598                                              |  12|   0|   12|          0|
    |select_ln154_reg_609                                              |  16|   0|   16|          0|
    |select_ln300_reg_654                                              |  12|   0|   12|          0|
    |sigma_tmp                                                         |  32|   0|   32|          0|
    |trunc_ln1_reg_603                                                 |  62|   0|   62|          0|
    |trunc_ln4_reg_648                                                 |  62|   0|   62|          0|
    |trunc_ln6_reg_571                                                 |  12|   0|   12|          0|
    |trunc_ln_reg_592                                                  |  62|   0|   62|          0|
    |v                                                                 |  16|   0|   16|          0|
    |w                                                                 |  12|   0|   12|          0|
    +------------------------------------------------------------------+----+----+-----+-----------+
    |Total                                                             | 532|   0|  532|          0|
    +------------------------------------------------------------------+----+----+-----+-----------+



================================================================
== Interface
================================================================
* Summary: 
+-----------------------+-----+-----+---------------+--------------+--------------+
|       RTL Ports       | Dir | Bits|    Protocol   | Source Object|    C Type    |
+-----------------------+-----+-----+---------------+--------------+--------------+
|s_axi_control_AWVALID  |   in|    1|          s_axi|       control|        scalar|
|s_axi_control_AWREADY  |  out|    1|          s_axi|       control|        scalar|
|s_axi_control_AWADDR   |   in|    7|          s_axi|       control|        scalar|
|s_axi_control_WVALID   |   in|    1|          s_axi|       control|        scalar|
|s_axi_control_WREADY   |  out|    1|          s_axi|       control|        scalar|
|s_axi_control_WDATA    |   in|   32|          s_axi|       control|        scalar|
|s_axi_control_WSTRB    |   in|    4|          s_axi|       control|        scalar|
|s_axi_control_ARVALID  |   in|    1|          s_axi|       control|        scalar|
|s_axi_control_ARREADY  |  out|    1|          s_axi|       control|        scalar|
|s_axi_control_ARADDR   |   in|    7|          s_axi|       control|        scalar|
|s_axi_control_RVALID   |  out|    1|          s_axi|       control|        scalar|
|s_axi_control_RREADY   |   in|    1|          s_axi|       control|        scalar|
|s_axi_control_RDATA    |  out|   32|          s_axi|       control|        scalar|
|s_axi_control_RRESP    |  out|    2|          s_axi|       control|        scalar|
|s_axi_control_BVALID   |  out|    1|          s_axi|       control|        scalar|
|s_axi_control_BREADY   |   in|    1|          s_axi|       control|        scalar|
|s_axi_control_BRESP    |  out|    2|          s_axi|       control|        scalar|
|ap_clk                 |   in|    1|  ap_ctrl_chain|           dut|  return value|
|ap_rst_n               |   in|    1|  ap_ctrl_chain|           dut|  return value|
|interrupt              |  out|    1|  ap_ctrl_chain|           dut|  return value|
|m_axi_gmem0_AWVALID    |  out|    1|          m_axi|         gmem0|       pointer|
|m_axi_gmem0_AWREADY    |   in|    1|          m_axi|         gmem0|       pointer|
|m_axi_gmem0_AWADDR     |  out|   64|          m_axi|         gmem0|       pointer|
|m_axi_gmem0_AWID       |  out|    1|          m_axi|         gmem0|       pointer|
|m_axi_gmem0_AWLEN      |  out|    8|          m_axi|         gmem0|       pointer|
|m_axi_gmem0_AWSIZE     |  out|    3|          m_axi|         gmem0|       pointer|
|m_axi_gmem0_AWBURST    |  out|    2|          m_axi|         gmem0|       pointer|
|m_axi_gmem0_AWLOCK     |  out|    2|          m_axi|         gmem0|       pointer|
|m_axi_gmem0_AWCACHE    |  out|    4|          m_axi|         gmem0|       pointer|
|m_axi_gmem0_AWPROT     |  out|    3|          m_axi|         gmem0|       pointer|
|m_axi_gmem0_AWQOS      |  out|    4|          m_axi|         gmem0|       pointer|
|m_axi_gmem0_AWREGION   |  out|    4|          m_axi|         gmem0|       pointer|
|m_axi_gmem0_AWUSER     |  out|    1|          m_axi|         gmem0|       pointer|
|m_axi_gmem0_WVALID     |  out|    1|          m_axi|         gmem0|       pointer|
|m_axi_gmem0_WREADY     |   in|    1|          m_axi|         gmem0|       pointer|
|m_axi_gmem0_WDATA      |  out|   32|          m_axi|         gmem0|       pointer|
|m_axi_gmem0_WSTRB      |  out|    4|          m_axi|         gmem0|       pointer|
|m_axi_gmem0_WLAST      |  out|    1|          m_axi|         gmem0|       pointer|
|m_axi_gmem0_WID        |  out|    1|          m_axi|         gmem0|       pointer|
|m_axi_gmem0_WUSER      |  out|    1|          m_axi|         gmem0|       pointer|
|m_axi_gmem0_ARVALID    |  out|    1|          m_axi|         gmem0|       pointer|
|m_axi_gmem0_ARREADY    |   in|    1|          m_axi|         gmem0|       pointer|
|m_axi_gmem0_ARADDR     |  out|   64|          m_axi|         gmem0|       pointer|
|m_axi_gmem0_ARID       |  out|    1|          m_axi|         gmem0|       pointer|
|m_axi_gmem0_ARLEN      |  out|    8|          m_axi|         gmem0|       pointer|
|m_axi_gmem0_ARSIZE     |  out|    3|          m_axi|         gmem0|       pointer|
|m_axi_gmem0_ARBURST    |  out|    2|          m_axi|         gmem0|       pointer|
|m_axi_gmem0_ARLOCK     |  out|    2|          m_axi|         gmem0|       pointer|
|m_axi_gmem0_ARCACHE    |  out|    4|          m_axi|         gmem0|       pointer|
|m_axi_gmem0_ARPROT     |  out|    3|          m_axi|         gmem0|       pointer|
|m_axi_gmem0_ARQOS      |  out|    4|          m_axi|         gmem0|       pointer|
|m_axi_gmem0_ARREGION   |  out|    4|          m_axi|         gmem0|       pointer|
|m_axi_gmem0_ARUSER     |  out|    1|          m_axi|         gmem0|       pointer|
|m_axi_gmem0_RVALID     |   in|    1|          m_axi|         gmem0|       pointer|
|m_axi_gmem0_RREADY     |  out|    1|          m_axi|         gmem0|       pointer|
|m_axi_gmem0_RDATA      |   in|   32|          m_axi|         gmem0|       pointer|
|m_axi_gmem0_RLAST      |   in|    1|          m_axi|         gmem0|       pointer|
|m_axi_gmem0_RID        |   in|    1|          m_axi|         gmem0|       pointer|
|m_axi_gmem0_RUSER      |   in|    1|          m_axi|         gmem0|       pointer|
|m_axi_gmem0_RRESP      |   in|    2|          m_axi|         gmem0|       pointer|
|m_axi_gmem0_BVALID     |   in|    1|          m_axi|         gmem0|       pointer|
|m_axi_gmem0_BREADY     |  out|    1|          m_axi|         gmem0|       pointer|
|m_axi_gmem0_BRESP      |   in|    2|          m_axi|         gmem0|       pointer|
|m_axi_gmem0_BID        |   in|    1|          m_axi|         gmem0|       pointer|
|m_axi_gmem0_BUSER      |   in|    1|          m_axi|         gmem0|       pointer|
|m_axi_gmem1_AWVALID    |  out|    1|          m_axi|         gmem1|       pointer|
|m_axi_gmem1_AWREADY    |   in|    1|          m_axi|         gmem1|       pointer|
|m_axi_gmem1_AWADDR     |  out|   64|          m_axi|         gmem1|       pointer|
|m_axi_gmem1_AWID       |  out|    1|          m_axi|         gmem1|       pointer|
|m_axi_gmem1_AWLEN      |  out|    8|          m_axi|         gmem1|       pointer|
|m_axi_gmem1_AWSIZE     |  out|    3|          m_axi|         gmem1|       pointer|
|m_axi_gmem1_AWBURST    |  out|    2|          m_axi|         gmem1|       pointer|
|m_axi_gmem1_AWLOCK     |  out|    2|          m_axi|         gmem1|       pointer|
|m_axi_gmem1_AWCACHE    |  out|    4|          m_axi|         gmem1|       pointer|
|m_axi_gmem1_AWPROT     |  out|    3|          m_axi|         gmem1|       pointer|
|m_axi_gmem1_AWQOS      |  out|    4|          m_axi|         gmem1|       pointer|
|m_axi_gmem1_AWREGION   |  out|    4|          m_axi|         gmem1|       pointer|
|m_axi_gmem1_AWUSER     |  out|    1|          m_axi|         gmem1|       pointer|
|m_axi_gmem1_WVALID     |  out|    1|          m_axi|         gmem1|       pointer|
|m_axi_gmem1_WREADY     |   in|    1|          m_axi|         gmem1|       pointer|
|m_axi_gmem1_WDATA      |  out|   32|          m_axi|         gmem1|       pointer|
|m_axi_gmem1_WSTRB      |  out|    4|          m_axi|         gmem1|       pointer|
|m_axi_gmem1_WLAST      |  out|    1|          m_axi|         gmem1|       pointer|
|m_axi_gmem1_WID        |  out|    1|          m_axi|         gmem1|       pointer|
|m_axi_gmem1_WUSER      |  out|    1|          m_axi|         gmem1|       pointer|
|m_axi_gmem1_ARVALID    |  out|    1|          m_axi|         gmem1|       pointer|
|m_axi_gmem1_ARREADY    |   in|    1|          m_axi|         gmem1|       pointer|
|m_axi_gmem1_ARADDR     |  out|   64|          m_axi|         gmem1|       pointer|
|m_axi_gmem1_ARID       |  out|    1|          m_axi|         gmem1|       pointer|
|m_axi_gmem1_ARLEN      |  out|    8|          m_axi|         gmem1|       pointer|
|m_axi_gmem1_ARSIZE     |  out|    3|          m_axi|         gmem1|       pointer|
|m_axi_gmem1_ARBURST    |  out|    2|          m_axi|         gmem1|       pointer|
|m_axi_gmem1_ARLOCK     |  out|    2|          m_axi|         gmem1|       pointer|
|m_axi_gmem1_ARCACHE    |  out|    4|          m_axi|         gmem1|       pointer|
|m_axi_gmem1_ARPROT     |  out|    3|          m_axi|         gmem1|       pointer|
|m_axi_gmem1_ARQOS      |  out|    4|          m_axi|         gmem1|       pointer|
|m_axi_gmem1_ARREGION   |  out|    4|          m_axi|         gmem1|       pointer|
|m_axi_gmem1_ARUSER     |  out|    1|          m_axi|         gmem1|       pointer|
|m_axi_gmem1_RVALID     |   in|    1|          m_axi|         gmem1|       pointer|
|m_axi_gmem1_RREADY     |  out|    1|          m_axi|         gmem1|       pointer|
|m_axi_gmem1_RDATA      |   in|   32|          m_axi|         gmem1|       pointer|
|m_axi_gmem1_RLAST      |   in|    1|          m_axi|         gmem1|       pointer|
|m_axi_gmem1_RID        |   in|    1|          m_axi|         gmem1|       pointer|
|m_axi_gmem1_RUSER      |   in|    1|          m_axi|         gmem1|       pointer|
|m_axi_gmem1_RRESP      |   in|    2|          m_axi|         gmem1|       pointer|
|m_axi_gmem1_BVALID     |   in|    1|          m_axi|         gmem1|       pointer|
|m_axi_gmem1_BREADY     |  out|    1|          m_axi|         gmem1|       pointer|
|m_axi_gmem1_BRESP      |   in|    2|          m_axi|         gmem1|       pointer|
|m_axi_gmem1_BID        |   in|    1|          m_axi|         gmem1|       pointer|
|m_axi_gmem1_BUSER      |   in|    1|          m_axi|         gmem1|       pointer|
|m_axi_gmem3_AWVALID    |  out|    1|          m_axi|         gmem3|       pointer|
|m_axi_gmem3_AWREADY    |   in|    1|          m_axi|         gmem3|       pointer|
|m_axi_gmem3_AWADDR     |  out|   64|          m_axi|         gmem3|       pointer|
|m_axi_gmem3_AWID       |  out|    1|          m_axi|         gmem3|       pointer|
|m_axi_gmem3_AWLEN      |  out|    8|          m_axi|         gmem3|       pointer|
|m_axi_gmem3_AWSIZE     |  out|    3|          m_axi|         gmem3|       pointer|
|m_axi_gmem3_AWBURST    |  out|    2|          m_axi|         gmem3|       pointer|
|m_axi_gmem3_AWLOCK     |  out|    2|          m_axi|         gmem3|       pointer|
|m_axi_gmem3_AWCACHE    |  out|    4|          m_axi|         gmem3|       pointer|
|m_axi_gmem3_AWPROT     |  out|    3|          m_axi|         gmem3|       pointer|
|m_axi_gmem3_AWQOS      |  out|    4|          m_axi|         gmem3|       pointer|
|m_axi_gmem3_AWREGION   |  out|    4|          m_axi|         gmem3|       pointer|
|m_axi_gmem3_AWUSER     |  out|    1|          m_axi|         gmem3|       pointer|
|m_axi_gmem3_WVALID     |  out|    1|          m_axi|         gmem3|       pointer|
|m_axi_gmem3_WREADY     |   in|    1|          m_axi|         gmem3|       pointer|
|m_axi_gmem3_WDATA      |  out|   32|          m_axi|         gmem3|       pointer|
|m_axi_gmem3_WSTRB      |  out|    4|          m_axi|         gmem3|       pointer|
|m_axi_gmem3_WLAST      |  out|    1|          m_axi|         gmem3|       pointer|
|m_axi_gmem3_WID        |  out|    1|          m_axi|         gmem3|       pointer|
|m_axi_gmem3_WUSER      |  out|    1|          m_axi|         gmem3|       pointer|
|m_axi_gmem3_ARVALID    |  out|    1|          m_axi|         gmem3|       pointer|
|m_axi_gmem3_ARREADY    |   in|    1|          m_axi|         gmem3|       pointer|
|m_axi_gmem3_ARADDR     |  out|   64|          m_axi|         gmem3|       pointer|
|m_axi_gmem3_ARID       |  out|    1|          m_axi|         gmem3|       pointer|
|m_axi_gmem3_ARLEN      |  out|    8|          m_axi|         gmem3|       pointer|
|m_axi_gmem3_ARSIZE     |  out|    3|          m_axi|         gmem3|       pointer|
|m_axi_gmem3_ARBURST    |  out|    2|          m_axi|         gmem3|       pointer|
|m_axi_gmem3_ARLOCK     |  out|    2|          m_axi|         gmem3|       pointer|
|m_axi_gmem3_ARCACHE    |  out|    4|          m_axi|         gmem3|       pointer|
|m_axi_gmem3_ARPROT     |  out|    3|          m_axi|         gmem3|       pointer|
|m_axi_gmem3_ARQOS      |  out|    4|          m_axi|         gmem3|       pointer|
|m_axi_gmem3_ARREGION   |  out|    4|          m_axi|         gmem3|       pointer|
|m_axi_gmem3_ARUSER     |  out|    1|          m_axi|         gmem3|       pointer|
|m_axi_gmem3_RVALID     |   in|    1|          m_axi|         gmem3|       pointer|
|m_axi_gmem3_RREADY     |  out|    1|          m_axi|         gmem3|       pointer|
|m_axi_gmem3_RDATA      |   in|   32|          m_axi|         gmem3|       pointer|
|m_axi_gmem3_RLAST      |   in|    1|          m_axi|         gmem3|       pointer|
|m_axi_gmem3_RID        |   in|    1|          m_axi|         gmem3|       pointer|
|m_axi_gmem3_RUSER      |   in|    1|          m_axi|         gmem3|       pointer|
|m_axi_gmem3_RRESP      |   in|    2|          m_axi|         gmem3|       pointer|
|m_axi_gmem3_BVALID     |   in|    1|          m_axi|         gmem3|       pointer|
|m_axi_gmem3_BREADY     |  out|    1|          m_axi|         gmem3|       pointer|
|m_axi_gmem3_BRESP      |   in|    2|          m_axi|         gmem3|       pointer|
|m_axi_gmem3_BID        |   in|    1|          m_axi|         gmem3|       pointer|
|m_axi_gmem3_BUSER      |   in|    1|          m_axi|         gmem3|       pointer|
|m_axi_gmem6_AWVALID    |  out|    1|          m_axi|         gmem6|       pointer|
|m_axi_gmem6_AWREADY    |   in|    1|          m_axi|         gmem6|       pointer|
|m_axi_gmem6_AWADDR     |  out|   64|          m_axi|         gmem6|       pointer|
|m_axi_gmem6_AWID       |  out|    1|          m_axi|         gmem6|       pointer|
|m_axi_gmem6_AWLEN      |  out|    8|          m_axi|         gmem6|       pointer|
|m_axi_gmem6_AWSIZE     |  out|    3|          m_axi|         gmem6|       pointer|
|m_axi_gmem6_AWBURST    |  out|    2|          m_axi|         gmem6|       pointer|
|m_axi_gmem6_AWLOCK     |  out|    2|          m_axi|         gmem6|       pointer|
|m_axi_gmem6_AWCACHE    |  out|    4|          m_axi|         gmem6|       pointer|
|m_axi_gmem6_AWPROT     |  out|    3|          m_axi|         gmem6|       pointer|
|m_axi_gmem6_AWQOS      |  out|    4|          m_axi|         gmem6|       pointer|
|m_axi_gmem6_AWREGION   |  out|    4|          m_axi|         gmem6|       pointer|
|m_axi_gmem6_AWUSER     |  out|    1|          m_axi|         gmem6|       pointer|
|m_axi_gmem6_WVALID     |  out|    1|          m_axi|         gmem6|       pointer|
|m_axi_gmem6_WREADY     |   in|    1|          m_axi|         gmem6|       pointer|
|m_axi_gmem6_WDATA      |  out|   32|          m_axi|         gmem6|       pointer|
|m_axi_gmem6_WSTRB      |  out|    4|          m_axi|         gmem6|       pointer|
|m_axi_gmem6_WLAST      |  out|    1|          m_axi|         gmem6|       pointer|
|m_axi_gmem6_WID        |  out|    1|          m_axi|         gmem6|       pointer|
|m_axi_gmem6_WUSER      |  out|    1|          m_axi|         gmem6|       pointer|
|m_axi_gmem6_ARVALID    |  out|    1|          m_axi|         gmem6|       pointer|
|m_axi_gmem6_ARREADY    |   in|    1|          m_axi|         gmem6|       pointer|
|m_axi_gmem6_ARADDR     |  out|   64|          m_axi|         gmem6|       pointer|
|m_axi_gmem6_ARID       |  out|    1|          m_axi|         gmem6|       pointer|
|m_axi_gmem6_ARLEN      |  out|    8|          m_axi|         gmem6|       pointer|
|m_axi_gmem6_ARSIZE     |  out|    3|          m_axi|         gmem6|       pointer|
|m_axi_gmem6_ARBURST    |  out|    2|          m_axi|         gmem6|       pointer|
|m_axi_gmem6_ARLOCK     |  out|    2|          m_axi|         gmem6|       pointer|
|m_axi_gmem6_ARCACHE    |  out|    4|          m_axi|         gmem6|       pointer|
|m_axi_gmem6_ARPROT     |  out|    3|          m_axi|         gmem6|       pointer|
|m_axi_gmem6_ARQOS      |  out|    4|          m_axi|         gmem6|       pointer|
|m_axi_gmem6_ARREGION   |  out|    4|          m_axi|         gmem6|       pointer|
|m_axi_gmem6_ARUSER     |  out|    1|          m_axi|         gmem6|       pointer|
|m_axi_gmem6_RVALID     |   in|    1|          m_axi|         gmem6|       pointer|
|m_axi_gmem6_RREADY     |  out|    1|          m_axi|         gmem6|       pointer|
|m_axi_gmem6_RDATA      |   in|   32|          m_axi|         gmem6|       pointer|
|m_axi_gmem6_RLAST      |   in|    1|          m_axi|         gmem6|       pointer|
|m_axi_gmem6_RID        |   in|    1|          m_axi|         gmem6|       pointer|
|m_axi_gmem6_RUSER      |   in|    1|          m_axi|         gmem6|       pointer|
|m_axi_gmem6_RRESP      |   in|    2|          m_axi|         gmem6|       pointer|
|m_axi_gmem6_BVALID     |   in|    1|          m_axi|         gmem6|       pointer|
|m_axi_gmem6_BREADY     |  out|    1|          m_axi|         gmem6|       pointer|
|m_axi_gmem6_BRESP      |   in|    2|          m_axi|         gmem6|       pointer|
|m_axi_gmem6_BID        |   in|    1|          m_axi|         gmem6|       pointer|
|m_axi_gmem6_BUSER      |   in|    1|          m_axi|         gmem6|       pointer|
|m_axi_gmem7_AWVALID    |  out|    1|          m_axi|         gmem7|       pointer|
|m_axi_gmem7_AWREADY    |   in|    1|          m_axi|         gmem7|       pointer|
|m_axi_gmem7_AWADDR     |  out|   64|          m_axi|         gmem7|       pointer|
|m_axi_gmem7_AWID       |  out|    1|          m_axi|         gmem7|       pointer|
|m_axi_gmem7_AWLEN      |  out|    8|          m_axi|         gmem7|       pointer|
|m_axi_gmem7_AWSIZE     |  out|    3|          m_axi|         gmem7|       pointer|
|m_axi_gmem7_AWBURST    |  out|    2|          m_axi|         gmem7|       pointer|
|m_axi_gmem7_AWLOCK     |  out|    2|          m_axi|         gmem7|       pointer|
|m_axi_gmem7_AWCACHE    |  out|    4|          m_axi|         gmem7|       pointer|
|m_axi_gmem7_AWPROT     |  out|    3|          m_axi|         gmem7|       pointer|
|m_axi_gmem7_AWQOS      |  out|    4|          m_axi|         gmem7|       pointer|
|m_axi_gmem7_AWREGION   |  out|    4|          m_axi|         gmem7|       pointer|
|m_axi_gmem7_AWUSER     |  out|    1|          m_axi|         gmem7|       pointer|
|m_axi_gmem7_WVALID     |  out|    1|          m_axi|         gmem7|       pointer|
|m_axi_gmem7_WREADY     |   in|    1|          m_axi|         gmem7|       pointer|
|m_axi_gmem7_WDATA      |  out|   32|          m_axi|         gmem7|       pointer|
|m_axi_gmem7_WSTRB      |  out|    4|          m_axi|         gmem7|       pointer|
|m_axi_gmem7_WLAST      |  out|    1|          m_axi|         gmem7|       pointer|
|m_axi_gmem7_WID        |  out|    1|          m_axi|         gmem7|       pointer|
|m_axi_gmem7_WUSER      |  out|    1|          m_axi|         gmem7|       pointer|
|m_axi_gmem7_ARVALID    |  out|    1|          m_axi|         gmem7|       pointer|
|m_axi_gmem7_ARREADY    |   in|    1|          m_axi|         gmem7|       pointer|
|m_axi_gmem7_ARADDR     |  out|   64|          m_axi|         gmem7|       pointer|
|m_axi_gmem7_ARID       |  out|    1|          m_axi|         gmem7|       pointer|
|m_axi_gmem7_ARLEN      |  out|    8|          m_axi|         gmem7|       pointer|
|m_axi_gmem7_ARSIZE     |  out|    3|          m_axi|         gmem7|       pointer|
|m_axi_gmem7_ARBURST    |  out|    2|          m_axi|         gmem7|       pointer|
|m_axi_gmem7_ARLOCK     |  out|    2|          m_axi|         gmem7|       pointer|
|m_axi_gmem7_ARCACHE    |  out|    4|          m_axi|         gmem7|       pointer|
|m_axi_gmem7_ARPROT     |  out|    3|          m_axi|         gmem7|       pointer|
|m_axi_gmem7_ARQOS      |  out|    4|          m_axi|         gmem7|       pointer|
|m_axi_gmem7_ARREGION   |  out|    4|          m_axi|         gmem7|       pointer|
|m_axi_gmem7_ARUSER     |  out|    1|          m_axi|         gmem7|       pointer|
|m_axi_gmem7_RVALID     |   in|    1|          m_axi|         gmem7|       pointer|
|m_axi_gmem7_RREADY     |  out|    1|          m_axi|         gmem7|       pointer|
|m_axi_gmem7_RDATA      |   in|   32|          m_axi|         gmem7|       pointer|
|m_axi_gmem7_RLAST      |   in|    1|          m_axi|         gmem7|       pointer|
|m_axi_gmem7_RID        |   in|    1|          m_axi|         gmem7|       pointer|
|m_axi_gmem7_RUSER      |   in|    1|          m_axi|         gmem7|       pointer|
|m_axi_gmem7_RRESP      |   in|    2|          m_axi|         gmem7|       pointer|
|m_axi_gmem7_BVALID     |   in|    1|          m_axi|         gmem7|       pointer|
|m_axi_gmem7_BREADY     |  out|    1|          m_axi|         gmem7|       pointer|
|m_axi_gmem7_BRESP      |   in|    2|          m_axi|         gmem7|       pointer|
|m_axi_gmem7_BID        |   in|    1|          m_axi|         gmem7|       pointer|
|m_axi_gmem7_BUSER      |   in|    1|          m_axi|         gmem7|       pointer|
|m_axi_gmem8_AWVALID    |  out|    1|          m_axi|         gmem8|       pointer|
|m_axi_gmem8_AWREADY    |   in|    1|          m_axi|         gmem8|       pointer|
|m_axi_gmem8_AWADDR     |  out|   64|          m_axi|         gmem8|       pointer|
|m_axi_gmem8_AWID       |  out|    1|          m_axi|         gmem8|       pointer|
|m_axi_gmem8_AWLEN      |  out|    8|          m_axi|         gmem8|       pointer|
|m_axi_gmem8_AWSIZE     |  out|    3|          m_axi|         gmem8|       pointer|
|m_axi_gmem8_AWBURST    |  out|    2|          m_axi|         gmem8|       pointer|
|m_axi_gmem8_AWLOCK     |  out|    2|          m_axi|         gmem8|       pointer|
|m_axi_gmem8_AWCACHE    |  out|    4|          m_axi|         gmem8|       pointer|
|m_axi_gmem8_AWPROT     |  out|    3|          m_axi|         gmem8|       pointer|
|m_axi_gmem8_AWQOS      |  out|    4|          m_axi|         gmem8|       pointer|
|m_axi_gmem8_AWREGION   |  out|    4|          m_axi|         gmem8|       pointer|
|m_axi_gmem8_AWUSER     |  out|    1|          m_axi|         gmem8|       pointer|
|m_axi_gmem8_WVALID     |  out|    1|          m_axi|         gmem8|       pointer|
|m_axi_gmem8_WREADY     |   in|    1|          m_axi|         gmem8|       pointer|
|m_axi_gmem8_WDATA      |  out|   32|          m_axi|         gmem8|       pointer|
|m_axi_gmem8_WSTRB      |  out|    4|          m_axi|         gmem8|       pointer|
|m_axi_gmem8_WLAST      |  out|    1|          m_axi|         gmem8|       pointer|
|m_axi_gmem8_WID        |  out|    1|          m_axi|         gmem8|       pointer|
|m_axi_gmem8_WUSER      |  out|    1|          m_axi|         gmem8|       pointer|
|m_axi_gmem8_ARVALID    |  out|    1|          m_axi|         gmem8|       pointer|
|m_axi_gmem8_ARREADY    |   in|    1|          m_axi|         gmem8|       pointer|
|m_axi_gmem8_ARADDR     |  out|   64|          m_axi|         gmem8|       pointer|
|m_axi_gmem8_ARID       |  out|    1|          m_axi|         gmem8|       pointer|
|m_axi_gmem8_ARLEN      |  out|    8|          m_axi|         gmem8|       pointer|
|m_axi_gmem8_ARSIZE     |  out|    3|          m_axi|         gmem8|       pointer|
|m_axi_gmem8_ARBURST    |  out|    2|          m_axi|         gmem8|       pointer|
|m_axi_gmem8_ARLOCK     |  out|    2|          m_axi|         gmem8|       pointer|
|m_axi_gmem8_ARCACHE    |  out|    4|          m_axi|         gmem8|       pointer|
|m_axi_gmem8_ARPROT     |  out|    3|          m_axi|         gmem8|       pointer|
|m_axi_gmem8_ARQOS      |  out|    4|          m_axi|         gmem8|       pointer|
|m_axi_gmem8_ARREGION   |  out|    4|          m_axi|         gmem8|       pointer|
|m_axi_gmem8_ARUSER     |  out|    1|          m_axi|         gmem8|       pointer|
|m_axi_gmem8_RVALID     |   in|    1|          m_axi|         gmem8|       pointer|
|m_axi_gmem8_RREADY     |  out|    1|          m_axi|         gmem8|       pointer|
|m_axi_gmem8_RDATA      |   in|   32|          m_axi|         gmem8|       pointer|
|m_axi_gmem8_RLAST      |   in|    1|          m_axi|         gmem8|       pointer|
|m_axi_gmem8_RID        |   in|    1|          m_axi|         gmem8|       pointer|
|m_axi_gmem8_RUSER      |   in|    1|          m_axi|         gmem8|       pointer|
|m_axi_gmem8_RRESP      |   in|    2|          m_axi|         gmem8|       pointer|
|m_axi_gmem8_BVALID     |   in|    1|          m_axi|         gmem8|       pointer|
|m_axi_gmem8_BREADY     |  out|    1|          m_axi|         gmem8|       pointer|
|m_axi_gmem8_BRESP      |   in|    2|          m_axi|         gmem8|       pointer|
|m_axi_gmem8_BID        |   in|    1|          m_axi|         gmem8|       pointer|
|m_axi_gmem8_BUSER      |   in|    1|          m_axi|         gmem8|       pointer|
|m_axi_gmem9_AWVALID    |  out|    1|          m_axi|         gmem9|       pointer|
|m_axi_gmem9_AWREADY    |   in|    1|          m_axi|         gmem9|       pointer|
|m_axi_gmem9_AWADDR     |  out|   64|          m_axi|         gmem9|       pointer|
|m_axi_gmem9_AWID       |  out|    1|          m_axi|         gmem9|       pointer|
|m_axi_gmem9_AWLEN      |  out|    8|          m_axi|         gmem9|       pointer|
|m_axi_gmem9_AWSIZE     |  out|    3|          m_axi|         gmem9|       pointer|
|m_axi_gmem9_AWBURST    |  out|    2|          m_axi|         gmem9|       pointer|
|m_axi_gmem9_AWLOCK     |  out|    2|          m_axi|         gmem9|       pointer|
|m_axi_gmem9_AWCACHE    |  out|    4|          m_axi|         gmem9|       pointer|
|m_axi_gmem9_AWPROT     |  out|    3|          m_axi|         gmem9|       pointer|
|m_axi_gmem9_AWQOS      |  out|    4|          m_axi|         gmem9|       pointer|
|m_axi_gmem9_AWREGION   |  out|    4|          m_axi|         gmem9|       pointer|
|m_axi_gmem9_AWUSER     |  out|    1|          m_axi|         gmem9|       pointer|
|m_axi_gmem9_WVALID     |  out|    1|          m_axi|         gmem9|       pointer|
|m_axi_gmem9_WREADY     |   in|    1|          m_axi|         gmem9|       pointer|
|m_axi_gmem9_WDATA      |  out|   32|          m_axi|         gmem9|       pointer|
|m_axi_gmem9_WSTRB      |  out|    4|          m_axi|         gmem9|       pointer|
|m_axi_gmem9_WLAST      |  out|    1|          m_axi|         gmem9|       pointer|
|m_axi_gmem9_WID        |  out|    1|          m_axi|         gmem9|       pointer|
|m_axi_gmem9_WUSER      |  out|    1|          m_axi|         gmem9|       pointer|
|m_axi_gmem9_ARVALID    |  out|    1|          m_axi|         gmem9|       pointer|
|m_axi_gmem9_ARREADY    |   in|    1|          m_axi|         gmem9|       pointer|
|m_axi_gmem9_ARADDR     |  out|   64|          m_axi|         gmem9|       pointer|
|m_axi_gmem9_ARID       |  out|    1|          m_axi|         gmem9|       pointer|
|m_axi_gmem9_ARLEN      |  out|    8|          m_axi|         gmem9|       pointer|
|m_axi_gmem9_ARSIZE     |  out|    3|          m_axi|         gmem9|       pointer|
|m_axi_gmem9_ARBURST    |  out|    2|          m_axi|         gmem9|       pointer|
|m_axi_gmem9_ARLOCK     |  out|    2|          m_axi|         gmem9|       pointer|
|m_axi_gmem9_ARCACHE    |  out|    4|          m_axi|         gmem9|       pointer|
|m_axi_gmem9_ARPROT     |  out|    3|          m_axi|         gmem9|       pointer|
|m_axi_gmem9_ARQOS      |  out|    4|          m_axi|         gmem9|       pointer|
|m_axi_gmem9_ARREGION   |  out|    4|          m_axi|         gmem9|       pointer|
|m_axi_gmem9_ARUSER     |  out|    1|          m_axi|         gmem9|       pointer|
|m_axi_gmem9_RVALID     |   in|    1|          m_axi|         gmem9|       pointer|
|m_axi_gmem9_RREADY     |  out|    1|          m_axi|         gmem9|       pointer|
|m_axi_gmem9_RDATA      |   in|   32|          m_axi|         gmem9|       pointer|
|m_axi_gmem9_RLAST      |   in|    1|          m_axi|         gmem9|       pointer|
|m_axi_gmem9_RID        |   in|    1|          m_axi|         gmem9|       pointer|
|m_axi_gmem9_RUSER      |   in|    1|          m_axi|         gmem9|       pointer|
|m_axi_gmem9_RRESP      |   in|    2|          m_axi|         gmem9|       pointer|
|m_axi_gmem9_BVALID     |   in|    1|          m_axi|         gmem9|       pointer|
|m_axi_gmem9_BREADY     |  out|    1|          m_axi|         gmem9|       pointer|
|m_axi_gmem9_BRESP      |   in|    2|          m_axi|         gmem9|       pointer|
|m_axi_gmem9_BID        |   in|    1|          m_axi|         gmem9|       pointer|
|m_axi_gmem9_BUSER      |   in|    1|          m_axi|         gmem9|       pointer|
+-----------------------+-----+-----+---------------+--------------+--------------+

