INFO: [SIM 2] *************** CSIM start ***************
INFO: [SIM 4] CSIM will launch GCC as the compiler.
   Compiling(apcc) ../../../../array_io_test.c in debug mode
INFO: [HLS 200-10] Running '/tool/Xilinx/Vitis_HLS/2022.1/bin/unwrapped/lnx64.o/apcc'
INFO: [HLS 200-10] For user 'yhp' on host 'yhp' (Linux_x86_64 version 5.15.0-48-generic) on Wed Oct 12 19:18:20 CST 2022
INFO: [HLS 200-10] On os Ubuntu 20.04.5 LTS
INFO: [HLS 200-10] In directory '/home/yhp/Documents/Class/111-1_HLS/LabA/Interface_Synthesis/lab3/array_io_prj/solution2/csim/build'
INFO: [APCC 202-3] Tmp directory is /tmp/apcc_db_yhp/10011611665573500902974
INFO: [APCC 202-1] APCC is done.
INFO: [HLS 200-112] Total CPU user time: 4.25 seconds. Total CPU system time: 0.09 seconds. Total elapsed time: 4.35 seconds; peak allocated memory: 19.371 MB.
   Compiling(apcc) ../../../../array_io.c in debug mode
INFO: [HLS 200-10] Running '/tool/Xilinx/Vitis_HLS/2022.1/bin/unwrapped/lnx64.o/apcc'
INFO: [HLS 200-10] For user 'yhp' on host 'yhp' (Linux_x86_64 version 5.15.0-48-generic) on Wed Oct 12 19:18:26 CST 2022
INFO: [HLS 200-10] On os Ubuntu 20.04.5 LTS
INFO: [HLS 200-10] In directory '/home/yhp/Documents/Class/111-1_HLS/LabA/Interface_Synthesis/lab3/array_io_prj/solution2/csim/build'
INFO: [APCC 202-3] Tmp directory is /tmp/apcc_db_yhp/10012441665573506177882
INFO: [APCC 202-1] APCC is done.
INFO: [HLS 200-112] Total CPU user time: 4.15 seconds. Total CPU system time: 0.11 seconds. Total elapsed time: 4.28 seconds; peak allocated memory: 19.355 MB.
   Generating csim.exe
Test passed !
INFO: [SIM 1] CSim done with 0 errors.
INFO: [SIM 3] *************** CSIM finish ***************
