

================================================================
== Vitis HLS Report for 'dut_Pipeline_Store_edge_loop'
================================================================
* Date:           Sun Nov 13 17:17:49 2022

* Version:        2022.1 (Build 3526262 on Mon Apr 18 15:47:01 MDT 2022)
* Project:        betweenness.prj
* Solution:       solution1 (Vitis Kernel Flow Target)
* Product family: virtexuplus
* Target device:  xcu280-fsvh2892-2L-e


================================================================
== Performance Estimates
================================================================
+ Timing: 
    * Summary: 
    +--------+---------+----------+------------+
    |  Clock |  Target | Estimated| Uncertainty|
    +--------+---------+----------+------------+
    |ap_clk  |  3.33 ns|  2.431 ns|     0.90 ns|
    +--------+---------+----------+------------+

+ Latency: 
    * Summary: 
    +---------+---------+----------+----------+-------+-------+---------+
    |  Latency (cycles) |  Latency (absolute) |    Interval   | Pipeline|
    |   min   |   max   |    min   |    max   |  min  |  max  |   Type  |
    +---------+---------+----------+----------+-------+-------+---------+
    |    41597|    41597|  0.139 ms|  0.139 ms|  41597|  41597|       no|
    +---------+---------+----------+----------+-------+-------+---------+

    + Detail: 
        * Instance: 
        N/A

        * Loop: 
        +-------------------+---------+---------+----------+-----------+-----------+-------+----------+
        |                   |  Latency (cycles) | Iteration|  Initiation Interval  |  Trip |          |
        |     Loop Name     |   min   |   max   |  Latency |  achieved |   target  | Count | Pipelined|
        +-------------------+---------+---------+----------+-----------+-----------+-------+----------+
        |- Store_edge_loop  |    41595|    41595|         3|          1|          1|  41594|       yes|
        +-------------------+---------+---------+----------+-----------+-----------+-------+----------+

============================================================
+ Verbose Summary: Synthesis Manager
============================================================
InlineROM: 1
ExposeGlobal: 0
============================================================
+ Verbose Summary: CDFG Model
============================================================
IsTopModel: 0
ResetActiveHigh: 1
IsCombinational: 0
IsDatapathOnly: 0
HasWiredReturn: 1
HasMFsm: 2
HasVarLatency: 1
IsPipeline: 0
IsRtlPipelined: 0
IsInstanceOverlapped: 0
IsDontTouch: 0
HasImplIP: 0
IsGatedGlobalClock: 0

+ Individual pipeline summary: 
  * Pipeline-0: initiation interval (II) = 1, depth = 3


============================================================
+ Verbose Summary: Schedule
============================================================
* Number of FSM states : 3
* Pipeline : 1
  Pipeline-0 : II = 1, D = 3, States = { 1 2 3 }
* Dataflow Pipeline: 0

* FSM state transitions: 
1 --> 2 
2 --> 3 
3 --> 

* FSM state operations: 

State 1 <SV = 0> <Delay = 1.17>
ST_1 : Operation 6 [1/1] (0.00ns)   --->   "%i_1 = alloca i32 1"   --->   Operation 6 'alloca' 'i_1' <Predicate = true> <Delay = 0.00>
ST_1 : Operation 7 [1/1] (0.00ns)   --->   "%numEdge_read = read i32 @_ssdm_op_Read.ap_auto.i32, i32 %numEdge"   --->   Operation 7 'read' 'numEdge_read' <Predicate = true> <Delay = 0.00>
ST_1 : Operation 8 [1/1] (0.00ns)   --->   "%sext_ln154_read = read i62 @_ssdm_op_Read.ap_auto.i62, i62 %sext_ln154"   --->   Operation 8 'read' 'sext_ln154_read' <Predicate = true> <Delay = 0.00>
ST_1 : Operation 9 [1/1] (0.00ns)   --->   "%sext_ln154_cast = sext i62 %sext_ln154_read"   --->   Operation 9 'sext' 'sext_ln154_cast' <Predicate = true> <Delay = 0.00>
ST_1 : Operation 10 [1/1] (0.00ns)   --->   "%specinterface_ln0 = specinterface void @_ssdm_op_SpecInterface, i32 %gmem1, void @empty_20, i32 0, i32 0, void @empty_21, i32 32, i32 100000, void @empty_24, void @empty_8, void @empty_21, i32 16, i32 1, i32 256, i32 2, void @empty_21, void @empty_21, i32 4294967295, i32 0"   --->   Operation 10 'specinterface' 'specinterface_ln0' <Predicate = true> <Delay = 0.00>
ST_1 : Operation 11 [1/1] (0.38ns)   --->   "%store_ln0 = store i16 0, i16 %i_1"   --->   Operation 11 'store' 'store_ln0' <Predicate = true> <Delay = 0.38>
ST_1 : Operation 12 [1/1] (0.00ns)   --->   "%br_ln0 = br void %for.body13"   --->   Operation 12 'br' 'br_ln0' <Predicate = true> <Delay = 0.00>
ST_1 : Operation 13 [1/1] (0.00ns)   --->   "%i = load i16 %i_1" [top.cpp:154]   --->   Operation 13 'load' 'i' <Predicate = true> <Delay = 0.00>
ST_1 : Operation 14 [1/1] (0.67ns)   --->   "%icmp_ln154 = icmp_eq  i16 %i, i16 41594" [top.cpp:154]   --->   Operation 14 'icmp' 'icmp_ln154' <Predicate = true> <Delay = 0.67> <CoreInst = "Cmp">   --->   Core 9 'Cmp' <Latency = 0> <II = 1> <Delay = 0.67> <FuncUnit> <Opcode : 'icmp'> <InPorts = 2> <OutPorts = 1>
ST_1 : Operation 15 [1/1] (0.78ns)   --->   "%add_ln154 = add i16 %i, i16 1" [top.cpp:154]   --->   Operation 15 'add' 'add_ln154' <Predicate = true> <Delay = 0.78> <CoreInst = "Adder">   --->   Core 1 'Adder' <Latency = 0> <II = 1> <Delay = 0.78> <FuncUnit> <Opcode : 'add' 'sub'> <InPorts = 2> <OutPorts = 1>
ST_1 : Operation 16 [1/1] (0.00ns)   --->   "%br_ln154 = br i1 %icmp_ln154, void %for.body13.split, void %for.body28.preheader.exitStub" [top.cpp:154]   --->   Operation 16 'br' 'br_ln154' <Predicate = true> <Delay = 0.00>
ST_1 : Operation 17 [1/1] (0.00ns)   --->   "%i_1_cast = zext i16 %i" [top.cpp:154]   --->   Operation 17 'zext' 'i_1_cast' <Predicate = (!icmp_ln154)> <Delay = 0.00>
ST_1 : Operation 18 [1/1] (0.85ns)   --->   "%icmp_ln155 = icmp_ult  i32 %i_1_cast, i32 %numEdge_read" [top.cpp:155]   --->   Operation 18 'icmp' 'icmp_ln155' <Predicate = (!icmp_ln154)> <Delay = 0.85> <CoreInst = "Cmp">   --->   Core 9 'Cmp' <Latency = 0> <II = 1> <Delay = 0.85> <FuncUnit> <Opcode : 'icmp'> <InPorts = 2> <OutPorts = 1>
ST_1 : Operation 19 [1/1] (0.00ns)   --->   "%br_ln155 = br i1 %icmp_ln155, void %for.inc21, void %if.then15" [top.cpp:155]   --->   Operation 19 'br' 'br_ln155' <Predicate = (!icmp_ln154)> <Delay = 0.00>
ST_1 : Operation 20 [1/1] (0.38ns)   --->   "%store_ln154 = store i16 %add_ln154, i16 %i_1" [top.cpp:154]   --->   Operation 20 'store' 'store_ln154' <Predicate = (!icmp_ln154)> <Delay = 0.38>
ST_1 : Operation 21 [1/1] (0.00ns)   --->   "%br_ln154 = br void %for.body13" [top.cpp:154]   --->   Operation 21 'br' 'br_ln154' <Predicate = (!icmp_ln154)> <Delay = 0.00>

State 2 <SV = 1> <Delay = 2.43>
ST_2 : Operation 22 [1/1] (0.00ns)   --->   "%specbitsmap_ln0 = specbitsmap void @_ssdm_op_SpecBitsMap, i32 %gmem1"   --->   Operation 22 'specbitsmap' 'specbitsmap_ln0' <Predicate = true> <Delay = 0.00>
ST_2 : Operation 23 [1/1] (0.00ns)   --->   "%gmem1_addr = getelementptr i32 %gmem1, i64 %sext_ln154_cast" [top.cpp:154]   --->   Operation 23 'getelementptr' 'gmem1_addr' <Predicate = true> <Delay = 0.00>
ST_2 : Operation 24 [1/1] (0.00ns)   --->   "%specpipeline_ln0 = specpipeline void @_ssdm_op_SpecPipeline, i32 4294967295, i32 0, i32 1, i32 0, void @p_str"   --->   Operation 24 'specpipeline' 'specpipeline_ln0' <Predicate = true> <Delay = 0.00>
ST_2 : Operation 25 [1/1] (0.00ns)   --->   "%empty = speclooptripcount i32 @_ssdm_op_SpecLoopTripCount, i64 41594, i64 41594, i64 41594"   --->   Operation 25 'speclooptripcount' 'empty' <Predicate = true> <Delay = 0.00>
ST_2 : Operation 26 [1/1] (2.43ns)   --->   "%gmem1_addr_read = read i32 @_ssdm_op_Read.m_axi.p1i32, i32 %gmem1_addr" [top.cpp:156]   --->   Operation 26 'read' 'gmem1_addr_read' <Predicate = (!icmp_ln154 & icmp_ln155)> <Delay = 2.43> <CoreInst = "m_axi">   --->   Core 121 'm_axi' <Latency = 0> <II = 1> <Delay = 1.00> <Adapter> <Opcode : 'read' 'write' 'readreq' 'writereq' 'writeresp'>
ST_2 : Operation 27 [1/1] (0.00ns)   --->   "%trunc_ln156 = trunc i32 %gmem1_addr_read" [top.cpp:156]   --->   Operation 27 'trunc' 'trunc_ln156' <Predicate = (!icmp_ln154 & icmp_ln155)> <Delay = 0.00>
ST_2 : Operation 33 [1/1] (0.00ns)   --->   "%ret_ln0 = ret"   --->   Operation 33 'ret' 'ret_ln0' <Predicate = (icmp_ln154)> <Delay = 0.00>

State 3 <SV = 2> <Delay = 1.24>
ST_3 : Operation 28 [1/1] (0.00ns)   --->   "%i_1_cast2 = zext i16 %i" [top.cpp:154]   --->   Operation 28 'zext' 'i_1_cast2' <Predicate = true> <Delay = 0.00>
ST_3 : Operation 29 [1/1] (0.00ns)   --->   "%specloopname_ln154 = specloopname void @_ssdm_op_SpecLoopName, void @empty_30" [top.cpp:154]   --->   Operation 29 'specloopname' 'specloopname_ln154' <Predicate = true> <Delay = 0.00>
ST_3 : Operation 30 [1/1] (0.00ns)   --->   "%column_buf_addr = getelementptr i16 %column_buf, i64 0, i64 %i_1_cast2" [top.cpp:156]   --->   Operation 30 'getelementptr' 'column_buf_addr' <Predicate = (icmp_ln155)> <Delay = 0.00>
ST_3 : Operation 31 [1/1] (1.24ns)   --->   "%store_ln156 = store i16 %trunc_ln156, i16 %column_buf_addr" [top.cpp:156]   --->   Operation 31 'store' 'store_ln156' <Predicate = (icmp_ln155)> <Delay = 1.24> <CoreInst = "RAM">   --->   Core 83 'RAM' <Latency = 1> <II = 1> <Delay = 1.24> <Storage> <Opcode : 'load' 'store'> <Ports = 2> <Width = 16> <Depth = 41594> <RAM>
ST_3 : Operation 32 [1/1] (0.00ns)   --->   "%br_ln157 = br void %for.inc21" [top.cpp:157]   --->   Operation 32 'br' 'br_ln157' <Predicate = (icmp_ln155)> <Delay = 0.00>


============================================================
+ Verbose Summary: Timing violations
============================================================
Target clock period: 3.33ns, clock uncertainty: 0.899ns.

 <State 1>: 1.17ns
The critical path consists of the following:
	'alloca' operation ('i') [5]  (0 ns)
	'load' operation ('i', top.cpp:154) on local variable 'i' [13]  (0 ns)
	'add' operation ('add_ln154', top.cpp:154) [19]  (0.785 ns)
	'store' operation ('store_ln154', top.cpp:154) of variable 'add_ln154', top.cpp:154 on local variable 'i' [34]  (0.387 ns)

 <State 2>: 2.43ns
The critical path consists of the following:
	'getelementptr' operation ('gmem1_addr', top.cpp:154) [15]  (0 ns)
	bus read operation ('gmem1_addr_read', top.cpp:156) on port 'gmem1' (top.cpp:156) [28]  (2.43 ns)

 <State 3>: 1.25ns
The critical path consists of the following:
	'getelementptr' operation ('column_buf_addr', top.cpp:156) [30]  (0 ns)
	'store' operation ('store_ln156', top.cpp:156) of variable 'trunc_ln156', top.cpp:156 on array 'column_buf' [31]  (1.25 ns)


============================================================
+ Verbose Summary: Binding
============================================================
N/A
* FSMD analyzer results:
  - Output states:
 - Input state : 
  - Chain level:
	State 1
	State 2
	State 3


============================================================
+ Verbose Summary: Datapath Resource usage 
============================================================
N/A
