

================================================================
== Synthesis Summary Report of 'array_io'
================================================================
+ General Information: 
    * Date:           Fri Oct 14 01:25:56 2022
    * Version:        2022.1 (Build 3526262 on Mon Apr 18 15:47:01 MDT 2022)
    * Project:        array_io_prj
    * Solution:       solution3 (Vivado IP Flow Target)
    * Product family: virtexuplus
    * Target device:  xcvu9p-flgb2104-1-e
    

+ Performance & Resource Estimates: 
    
    PS: '+' for module; 'o' for loop; '*' for dataflow
    +------------+------+------+---------+--------+----------+---------+------+----------+------+----+-----------+------------+-----+
    |   Modules  | Issue|      | Latency | Latency| Iteration|         | Trip |          |      |    |           |            |     |
    |   & Loops  | Type | Slack| (cycles)|  (ns)  |  Latency | Interval| Count| Pipelined| BRAM | DSP|     FF    |     LUT    | URAM|
    +------------+------+------+---------+--------+----------+---------+------+----------+------+----+-----------+------------+-----+
    |+ array_io  |     -|  0.16|       10|  40.000|         -|       11|     -|        no|     -|   -|  899 (~0%)|  2186 (~0%)|    -|
    +------------+------+------+---------+--------+----------+---------+------+----------+------+----+-----------+------------+-----+


================================================================
== HW Interfaces
================================================================
* AP_FIFO
+-----------+------------+
| Interface | Data Width |
+-----------+------------+
| d_o_0     | 16         |
| d_o_1     | 16         |
| d_o_2     | 16         |
| d_o_3     | 16         |
+-----------+------------+

* AP_MEMORY
+----------------+----------+
| Interface      | Bitwidth |
+----------------+----------+
| d_i_0_address0 | 3        |
| d_i_0_q0       | 16       |
| d_i_1_address0 | 3        |
| d_i_1_q0       | 16       |
| d_i_2_address0 | 3        |
| d_i_2_address1 | 3        |
| d_i_2_q0       | 16       |
| d_i_2_q1       | 16       |
| d_i_3_address0 | 3        |
| d_i_3_address1 | 3        |
| d_i_3_q0       | 16       |
| d_i_3_q1       | 16       |
+----------------+----------+

* TOP LEVEL CONTROL
+-----------+------------+-----------------------------------+
| Interface | Type       | Ports                             |
+-----------+------------+-----------------------------------+
| ap_clk    | clock      | ap_clk                            |
| ap_rst    | reset      | ap_rst                            |
| ap_ctrl   | ap_ctrl_hs | ap_done ap_idle ap_ready ap_start |
+-----------+------------+-----------------------------------+


================================================================
== SW I/O Information
================================================================
* Top Function Arguments
+----------+-----------+----------+
| Argument | Direction | Datatype |
+----------+-----------+----------+
| d_o      | out       | short*   |
| d_i      | in        | short*   |
+----------+-----------+----------+

* SW-to-HW Mapping
+----------+----------------+-----------+----------+
| Argument | HW Interface   | HW Type   | HW Usage |
+----------+----------------+-----------+----------+
| d_o      | d_o_0          | interface |          |
| d_o      | d_o_1          | interface |          |
| d_o      | d_o_2          | interface |          |
| d_o      | d_o_3          | interface |          |
| d_i      | d_i_0_address0 | port      | offset   |
| d_i      | d_i_0_ce0      | port      |          |
| d_i      | d_i_0_q0       | port      |          |
| d_i      | d_i_1_address0 | port      | offset   |
| d_i      | d_i_1_ce0      | port      |          |
| d_i      | d_i_1_q0       | port      |          |
| d_i      | d_i_2_address0 | port      | offset   |
| d_i      | d_i_2_ce0      | port      |          |
| d_i      | d_i_2_q0       | port      |          |
| d_i      | d_i_2_address1 | port      | offset   |
| d_i      | d_i_2_ce1      | port      |          |
| d_i      | d_i_2_q1       | port      |          |
| d_i      | d_i_3_address0 | port      | offset   |
| d_i      | d_i_3_ce0      | port      |          |
| d_i      | d_i_3_q0       | port      |          |
| d_i      | d_i_3_address1 | port      | offset   |
| d_i      | d_i_3_ce1      | port      |          |
| d_i      | d_i_3_q1       | port      |          |
+----------+----------------+-----------+----------+


================================================================
== Bind Op Report
================================================================
+--------------------------+-----+--------+-------------+-----+--------+---------+
| Name                     | DSP | Pragma | Variable    | Op  | Impl   | Latency |
+--------------------------+-----+--------+-------------+-----+--------+---------+
| + array_io               | 0   |        |             |     |        |         |
|   add_ln69_fu_449_p2     | -   |        | add_ln69    | add | fabric | 0       |
|   add_ln69_1_fu_498_p2   | -   |        | add_ln69_1  | add | fabric | 0       |
|   add_ln69_2_fu_610_p2   | -   |        | add_ln69_2  | add | fabric | 0       |
|   add_ln69_3_fu_694_p2   | -   |        | add_ln69_3  | add | fabric | 0       |
|   add_ln69_4_fu_778_p2   | -   |        | add_ln69_4  | add | fabric | 0       |
|   add_ln69_5_fu_862_p2   | -   |        | add_ln69_5  | add | fabric | 0       |
|   add_ln69_6_fu_946_p2   | -   |        | add_ln69_6  | add | fabric | 0       |
|   add_ln69_7_fu_1030_p2  | -   |        | add_ln69_7  | add | fabric | 0       |
|   add_ln69_8_fu_508_p2   | -   |        | add_ln69_8  | add | fabric | 0       |
|   add_ln69_9_fu_616_p2   | -   |        | add_ln69_9  | add | fabric | 0       |
|   add_ln69_10_fu_700_p2  | -   |        | add_ln69_10 | add | fabric | 0       |
|   add_ln69_11_fu_784_p2  | -   |        | add_ln69_11 | add | fabric | 0       |
|   add_ln69_12_fu_868_p2  | -   |        | add_ln69_12 | add | fabric | 0       |
|   add_ln69_13_fu_952_p2  | -   |        | add_ln69_13 | add | fabric | 0       |
|   add_ln69_14_fu_1036_p2 | -   |        | add_ln69_14 | add | fabric | 0       |
|   add_ln69_15_fu_1088_p2 | -   |        | add_ln69_15 | add | fabric | 0       |
|   add_ln69_16_fu_517_p2  | -   |        | add_ln69_16 | add | fabric | 0       |
|   add_ln69_17_fu_625_p2  | -   |        | add_ln69_17 | add | fabric | 0       |
|   add_ln69_18_fu_709_p2  | -   |        | add_ln69_18 | add | fabric | 0       |
|   add_ln69_19_fu_793_p2  | -   |        | add_ln69_19 | add | fabric | 0       |
|   add_ln69_20_fu_877_p2  | -   |        | add_ln69_20 | add | fabric | 0       |
|   add_ln69_21_fu_961_p2  | -   |        | add_ln69_21 | add | fabric | 0       |
|   add_ln69_22_fu_1045_p2 | -   |        | add_ln69_22 | add | fabric | 0       |
|   add_ln69_23_fu_1093_p2 | -   |        | add_ln69_23 | add | fabric | 0       |
|   add_ln67_1_fu_467_p2   | -   |        | add_ln67_1  | add | fabric | 0       |
|   add_ln67_2_fu_535_p2   | -   |        | add_ln67_2  | add | fabric | 0       |
|   add_ln69_24_fu_635_p2  | -   |        | add_ln69_24 | add | fabric | 0       |
|   add_ln67_5_fu_477_p2   | -   |        | add_ln67_5  | add | fabric | 0       |
|   add_ln67_6_fu_566_p2   | -   |        | add_ln67_6  | add | fabric | 0       |
|   add_ln69_25_fu_719_p2  | -   |        | add_ln69_25 | add | fabric | 0       |
|   add_ln67_9_fu_592_p2   | -   |        | add_ln67_9  | add | fabric | 0       |
|   add_ln67_10_fu_650_p2  | -   |        | add_ln67_10 | add | fabric | 0       |
|   add_ln69_26_fu_803_p2  | -   |        | add_ln69_26 | add | fabric | 0       |
|   add_ln67_13_fu_676_p2  | -   |        | add_ln67_13 | add | fabric | 0       |
|   add_ln67_14_fu_734_p2  | -   |        | add_ln67_14 | add | fabric | 0       |
|   add_ln69_27_fu_887_p2  | -   |        | add_ln69_27 | add | fabric | 0       |
|   add_ln67_17_fu_760_p2  | -   |        | add_ln67_17 | add | fabric | 0       |
|   add_ln67_18_fu_818_p2  | -   |        | add_ln67_18 | add | fabric | 0       |
|   add_ln69_28_fu_971_p2  | -   |        | add_ln69_28 | add | fabric | 0       |
|   add_ln67_21_fu_844_p2  | -   |        | add_ln67_21 | add | fabric | 0       |
|   add_ln67_22_fu_902_p2  | -   |        | add_ln67_22 | add | fabric | 0       |
|   add_ln69_29_fu_1051_p2 | -   |        | add_ln69_29 | add | fabric | 0       |
|   add_ln67_25_fu_928_p2  | -   |        | add_ln67_25 | add | fabric | 0       |
|   add_ln67_26_fu_986_p2  | -   |        | add_ln67_26 | add | fabric | 0       |
|   add_ln69_30_fu_1099_p2 | -   |        | add_ln69_30 | add | fabric | 0       |
|   add_ln67_29_fu_1012_p2 | -   |        | add_ln67_29 | add | fabric | 0       |
|   add_ln67_30_fu_1066_p2 | -   |        | add_ln67_30 | add | fabric | 0       |
|   add_ln69_31_fu_1105_p2 | -   |        | add_ln69_31 | add | fabric | 0       |
+--------------------------+-----+--------+-------------+-----+--------+---------+


================================================================
== Bind Storage Report
================================================================
  No bind storage info in design

================================================================
== Pragma Report
================================================================
* Valid Pragma Syntax
+-----------------+-----------------------------------+-----------------------------------------------------------+
| Type            | Options                           | Location                                                  |
+-----------------+-----------------------------------+-----------------------------------------------------------+
| array_partition | variable=d_i block factor=4 dim=1 | array_io_prj/solution3/directives.tcl:9 in array_io, d_i  |
| array_partition | variable=d_o block factor=4 dim=1 | array_io_prj/solution3/directives.tcl:8 in array_io, d_o  |
| interface       | ap_fifo port=d_o                  | array_io_prj/solution3/directives.tcl:10 in array_io, d_o |
| unroll          |                                   | array_io_prj/solution3/directives.tcl:7 in array_io       |
+-----------------+-----------------------------------+-----------------------------------------------------------+


